This is pdfTeX, Version 3.14159265-2.6-1.40.18 (TeX Live 2017/Debian) (preloaded format=pdflatex 2023.6.13)  28 JUL 2023 05:55
entering extended mode
 restricted \write18 enabled.
 %&-line parsing enabled.
**portada.tex
(./portada.tex
LaTeX2e <2017-04-15>
Babel <3.18> and hyphenation patterns for 8 language(s) loaded.

! LaTeX Error: Environment figure undefined.

See the LaTeX manual or LaTeX Companion for explanation.
Type  H <return>  for immediate help.
 ...                                              
                                                  
l.1 \begin{figure}
                  
Your command was ignored.
Type  I <command> <return>  to replace it with another command,
or  <return>  to continue without it.

! Undefined control sequence.
l.3 	\includegraphics
                     [width=0.5\textwidth]{figuras/membrete-cujae-centrado.png}
The control sequence at the end of the top line
of your error message was never \def'ed. If you have
misspelled it (e.g., `\hobx'), type `I' and the correct
spelling (e.g., `I\hbox'). Otherwise just continue,
and I'll forget about whatever was undefined.


! LaTeX Error: Missing \begin{document}.

See the LaTeX manual or LaTeX Companion for explanation.
Type  H <return>  for immediate help.
 ...                                              
                                                  
l.3 	\includegraphics[
                      width=0.5\textwidth]{figuras/membrete-cujae-centrado.png}

You're in trouble here.  Try typing  <return>  to proceed.
If that doesn't work, type  X <return>  to quit.

Missing character: There is no [ in font nullfont!
Missing character: There is no w in font nullfont!
Missing character: There is no i in font nullfont!
Missing character: There is no d in font nullfont!
Missing character: There is no t in font nullfont!
Missing character: There is no h in font nullfont!
Missing character: There is no = in font nullfont!
Missing character: There is no 0 in font nullfont!
Missing character: There is no . in font nullfont!
Missing character: There is no 5 in font nullfont!
! Missing number, treated as zero.
<to be read again> 
                   ]
l.3 	\includegraphics[width=0.5\textwidth]
                                          {figuras/membrete-cujae-centrado.png}
A number should have been here; I inserted `0'.
(If you can't figure out why I needed to see a number,
look up `weird error' in the index to The TeXbook.)

! Illegal unit of measure (pt inserted).
<to be read again> 
                   ]
l.3 	\includegraphics[width=0.5\textwidth]
                                          {figuras/membrete-cujae-centrado.png}
Dimensions can be in units of em, ex, in, pt, pc,
cm, mm, dd, cc, nd, nc, bp, or sp; but yours is a new one!
I'll assume that you meant to say pt, for printer's points.
To recover gracefully from this error, it's best to
delete the erroneous units; e.g., type `2' to delete
two letters. (See Chapter 27 of The TeXbook.)

Missing character: There is no ] in font nullfont!
Missing character: There is no f in font nullfont!
Missing character: There is no i in font nullfont!
Missing character: There is no g in font nullfont!
Missing character: There is no u in font nullfont!
Missing character: There is no r in font nullfont!
Missing character: There is no a in font nullfont!
Missing character: There is no s in font nullfont!
Missing character: There is no / in font nullfont!
Missing character: There is no m in font nullfont!
Missing character: There is no e in font nullfont!
Missing character: There is no m in font nullfont!
Missing character: There is no b in font nullfont!
Missing character: There is no r in font nullfont!
Missing character: There is no e in font nullfont!
Missing character: There is no t in font nullfont!
Missing character: There is no e in font nullfont!
Missing character: There is no - in font nullfont!
Missing character: There is no c in font nullfont!
Missing character: There is no u in font nullfont!
Missing character: There is no j in font nullfont!
Missing character: There is no a in font nullfont!
Missing character: There is no e in font nullfont!
Missing character: There is no - in font nullfont!
Missing character: There is no c in font nullfont!
Missing character: There is no e in font nullfont!
Missing character: There is no n in font nullfont!
Missing character: There is no t in font nullfont!
Missing character: There is no r in font nullfont!
Missing character: There is no a in font nullfont!
Missing character: There is no d in font nullfont!
Missing character: There is no o in font nullfont!
Missing character: There is no . in font nullfont!
Missing character: There is no p in font nullfont!
Missing character: There is no n in font nullfont!
Missing character: There is no g in font nullfont!

! LaTeX Error: \begin{document} ended by \end{figure}.

See the LaTeX manual or LaTeX Companion for explanation.
Type  H <return>  for immediate help.
 ...                                              
                                                  
l.4 \end{figure}
                
Your command was ignored.
Type  I <command> <return>  to replace it with another command,
or  <return>  to continue without it.


! LaTeX Error: Missing \begin{document}.

See the LaTeX manual or LaTeX Companion for explanation.
Type  H <return>  for immediate help.
 ...                                              
                                                  
l.6 	\begin{center}
                   
You're in trouble here.  Try typing  <return>  to proceed.
If that doesn't work, type  X <return>  to quit.


Overfull \hbox (20.0pt too wide) in paragraph at lines 6--6
[] 
 []

! Undefined control sequence.
l.8 	\large
           {Trabajo de diploma para optar por el tﾃｭtulo de Ingeniero en Inf...
The control sequence at the end of the top line
of your error message was never \def'ed. If you have
misspelled it (e.g., `\hobx'), type `I' and the correct
spelling (e.g., `I\hbox'). Otherwise just continue,
and I'll forget about whatever was undefined.

Missing character: There is no T in font nullfont!
Missing character: There is no r in font nullfont!
Missing character: There is no a in font nullfont!
Missing character: There is no b in font nullfont!
Missing character: There is no a in font nullfont!
Missing character: There is no j in font nullfont!
Missing character: There is no o in font nullfont!
Missing character: There is no d in font nullfont!
Missing character: There is no e in font nullfont!
Missing character: There is no d in font nullfont!
Missing character: There is no i in font nullfont!
Missing character: There is no p in font nullfont!
Missing character: There is no l in font nullfont!
Missing character: There is no o in font nullfont!
Missing character: There is no m in font nullfont!
Missing character: There is no a in font nullfont!
Missing character: There is no p in font nullfont!
Missing character: There is no a in font nullfont!
Missing character: There is no r in font nullfont!
Missing character: There is no a in font nullfont!
Missing character: There is no o in font nullfont!
Missing character: There is no p in font nullfont!
Missing character: There is no t in font nullfont!
Missing character: There is no a in font nullfont!
Missing character: There is no r in font nullfont!
Missing character: There is no p in font nullfont!
Missing character: There is no o in font nullfont!
Missing character: There is no r in font nullfont!
Missing character: There is no e in font nullfont!
Missing character: There is no l in font nullfont!
Missing character: There is no t in font nullfont!
Missing character: There is no ﾃ in font nullfont!
Missing character: There is no ｭ in font nullfont!
Missing character: There is no t in font nullfont!
Missing character: There is no u in font nullfont!
Missing character: There is no l in font nullfont!
Missing character: There is no o in font nullfont!
Missing character: There is no d in font nullfont!
Missing character: There is no e in font nullfont!
Missing character: There is no I in font nullfont!
Missing character: There is no n in font nullfont!
Missing character: There is no g in font nullfont!
Missing character: There is no e in font nullfont!
Missing character: There is no n in font nullfont!
Missing character: There is no i in font nullfont!
Missing character: There is no e in font nullfont!
Missing character: There is no r in font nullfont!
Missing character: There is no o in font nullfont!
Missing character: There is no e in font nullfont!
Missing character: There is no n in font nullfont!
Missing character: There is no I in font nullfont!
Missing character: There is no n in font nullfont!
Missing character: There is no f in font nullfont!
Missing character: There is no o in font nullfont!
Missing character: There is no r in font nullfont!
Missing character: There is no m in font nullfont!
Missing character: There is no ﾃ in font nullfont!
Missing character: There is no ｡ in font nullfont!
Missing character: There is no t in font nullfont!
Missing character: There is no i in font nullfont!
Missing character: There is no c in font nullfont!
Missing character: There is no a in font nullfont!
! Undefined control sequence.
l.12 	\LARGE
            {\textbf{Aquﾃｭ va el Tﾃｭtulo tesis}}
The control sequence at the end of the top line
of your error message was never \def'ed. If you have
misspelled it (e.g., `\hobx'), type `I' and the correct
spelling (e.g., `I\hbox'). Otherwise just continue,
and I'll forget about whatever was undefined.

Missing character: There is no ﾃ in font cmbx10!
Missing character: There is no ｭ in font cmbx10!
Missing character: There is no ﾃ in font cmbx10!
Missing character: There is no ｭ in font cmbx10!

Overfull \hbox (21.15266pt too wide) in paragraph at lines 12--13
 []\OT1/cmr/bx/n/10 Aqu 
 []


Overfull \hbox (11.02075pt too wide) in paragraph at lines 12--13
 \OT1/cmr/bx/n/10 va 
 []


Overfull \hbox (8.46524pt too wide) in paragraph at lines 12--13
 \OT1/cmr/bx/n/10 el 
 []


Overfull \hbox (27.8054pt too wide) in paragraph at lines 12--13
 \OT1/cmr/bx/n/10 Ttulo 
 []


Overfull \hbox (22.00958pt too wide) in paragraph at lines 12--13
 \OT1/cmr/bx/n/10 tesis 
 []

! Undefined control sequence.
l.16 	\large
            {
The control sequence at the end of the top line
of your error message was never \def'ed. If you have
misspelled it (e.g., `\hobx'), type `I' and the correct
spelling (e.g., `I\hbox'). Otherwise just continue,
and I'll forget about whatever was undefined.

Missing character: There is no A in font nullfont!
Missing character: There is no u in font nullfont!
Missing character: There is no t in font nullfont!
Missing character: There is no o in font nullfont!
Missing character: There is no r in font nullfont!
Missing character: There is no : in font nullfont!
Missing character: There is no ﾃ in font cmti10!
Missing character: There is no ｭ in font cmti10!

Overfull \hbox (16.88876pt too wide) in paragraph at lines 18--20
 []\OT1/cmr/m/it/10 Aqu 
 []


Overfull \hbox (9.71104pt too wide) in paragraph at lines 18--20
 \OT1/cmr/m/it/10 va 
 []


Overfull \hbox (7.1555pt too wide) in paragraph at lines 18--20
 \OT1/cmr/m/it/10 el 
 []


Overfull \hbox (24.29985pt too wide) in paragraph at lines 18--20
 \OT1/cmr/m/it/10 Nom- 
 []


Overfull \hbox (12.90543pt too wide) in paragraph at lines 18--20
 \OT1/cmr/m/it/10 bre 
 []


Overfull \hbox (20.9554pt too wide) in paragraph at lines 18--20
 \OT1/cmr/m/it/10 com- 
 []


Overfull \hbox (20.69986pt too wide) in paragraph at lines 18--20
 \OT1/cmr/m/it/10 pleto 
 []


Overfull \hbox (12.26659pt too wide) in paragraph at lines 18--20
 \OT1/cmr/m/it/10 del 
 []


Overfull \hbox (12.26657pt too wide) in paragraph at lines 18--20
 \OT1/cmr/m/it/10 es- 
 []


Overfull \hbox (12.26657pt too wide) in paragraph at lines 18--20
 \OT1/cmr/m/it/10 tu- 
 []


Overfull \hbox (11.75548pt too wide) in paragraph at lines 18--20
 \OT1/cmr/m/it/10 di- 
 []


Overfull \hbox (18.65543pt too wide) in paragraph at lines 18--20
 \OT1/cmr/m/it/10 ante 
 []

Missing character: There is no T in font nullfont!
Missing character: There is no u in font nullfont!
Missing character: There is no t in font nullfont!
Missing character: There is no o in font nullfont!
Missing character: There is no r in font nullfont!
Missing character: There is no e in font nullfont!
Missing character: There is no s in font nullfont!
Missing character: There is no : in font nullfont!
Missing character: There is no ﾃ in font cmti10!
Missing character: There is no ｭ in font cmti10!

Overfull \hbox (16.88876pt too wide) in paragraph at lines 22--22
 []\OT1/cmr/m/it/10 Aqu 
 []


Overfull \hbox (9.71104pt too wide) in paragraph at lines 22--22
 \OT1/cmr/m/it/10 va 
 []


Overfull \hbox (7.1555pt too wide) in paragraph at lines 22--22
 \OT1/cmr/m/it/10 el 
 []


Overfull \hbox (24.29985pt too wide) in paragraph at lines 22--22
 \OT1/cmr/m/it/10 Nom- 
 []


Overfull \hbox (12.90543pt too wide) in paragraph at lines 22--22
 \OT1/cmr/m/it/10 bre 
 []


Overfull \hbox (20.9554pt too wide) in paragraph at lines 22--22
 \OT1/cmr/m/it/10 com- 
 []


Overfull \hbox (20.69986pt too wide) in paragraph at lines 22--22
 \OT1/cmr/m/it/10 pleto 
 []


Overfull \hbox (12.26659pt too wide) in paragraph at lines 22--22
 \OT1/cmr/m/it/10 del 
 []


Overfull \hbox (29.38869pt too wide) in paragraph at lines 22--22
 \OT1/cmr/m/it/10 primer 
 []


Overfull \hbox (12.26657pt too wide) in paragraph at lines 22--22
 \OT1/cmr/m/it/10 tu- 
 []


Overfull \hbox (13.72627pt too wide) in paragraph at lines 22--22
 \OT1/cmr/m/it/10 tor 
 []

Missing character: There is no D in font nullfont!
Missing character: There is no r in font nullfont!
Missing character: There is no . in font nullfont!
Missing character: There is no C in font nullfont!
Missing character: There is no . in font nullfont!
Missing character: There is no , in font nullfont!
Missing character: There is no I in font nullfont!
Missing character: There is no n in font nullfont!
Missing character: There is no g in font nullfont!
Missing character: There is no . in font nullfont!
Missing character: There is no J in font nullfont!
Missing character: There is no o in font nullfont!
Missing character: There is no a in font nullfont!
Missing character: There is no q in font nullfont!
Missing character: There is no u in font nullfont!
Missing character: There is no ﾃ in font nullfont!
Missing character: There is no ｭ in font nullfont!
Missing character: There is no n in font nullfont!
Missing character: There is no D in font nullfont!
Missing character: There is no a in font nullfont!
Missing character: There is no n in font nullfont!
Missing character: There is no i in font nullfont!
Missing character: There is no l in font nullfont!
Missing character: There is no o in font nullfont!
Missing character: There is no P in font nullfont!
Missing character: There is no i in font nullfont!
Missing character: There is no n in font nullfont!
Missing character: There is no a in font nullfont!
Missing character: There is no A in font nullfont!
Missing character: There is no m in font nullfont!
Missing character: There is no a in font nullfont!
Missing character: There is no r in font nullfont!
Missing character: There is no g in font nullfont!
Missing character: There is no ﾃ in font nullfont!
Missing character: There is no ｳ in font nullfont!
Missing character: There is no s in font nullfont!
! Undefined control sequence.
l.28 	\small
            {\mifecha\today}
The control sequence at the end of the top line
of your error message was never \def'ed. If you have
misspelled it (e.g., `\hobx'), type `I' and the correct
spelling (e.g., `I\hbox'). Otherwise just continue,
and I'll forget about whatever was undefined.

! Undefined control sequence.
l.28 	\small{\mifecha
                     \today}
The control sequence at the end of the top line
of your error message was never \def'ed. If you have
misspelled it (e.g., `\hobx'), type `I' and the correct
spelling (e.g., `I\hbox'). Otherwise just continue,
and I'll forget about whatever was undefined.

! Undefined control sequence.
l.28 	\small{\mifecha\today
                           }
The control sequence at the end of the top line
of your error message was never \def'ed. If you have
misspelled it (e.g., `\hobx'), type `I' and the correct
spelling (e.g., `I\hbox'). Otherwise just continue,
and I'll forget about whatever was undefined.

)
! Emergency stop.
<*> portada.tex
               
*** (job aborted, no legal \end found)

 
Here is how much of TeX's memory you used:
 12 strings out of 494820
 195 string characters out of 6177789
 47655 words of memory out of 5000000
 3441 multiletter control sequences out of 15000+600000
 4294 words of font info for 16 fonts, out of 8000000 for 9000
 62 hyphenation exceptions out of 8191
 14i,1n,10p,96b,126s stack positions out of 5000i,500n,10000p,200000b,80000s
!  ==> Fatal error occurred, no output PDF file produced!
