This is pdfTeX, Version 3.141592653-2.6-1.40.29 (TeX Live 2026/Arch Linux) (preloaded format=pdflatex 2026.4.5)  8 APR 2026 01:12
entering extended mode
 restricted \write18 enabled.
 %&-line parsing enabled.
**tesis-if-cujae-apellido-nombre.tex
(./tesis-if-cujae-apellido-nombre.tex
LaTeX2e <2025-11-01>
L3 programming layer <2026-01-19>
(/usr/share/texmf-dist/tex/latex/base/report.cls
Document Class: report 2025/01/22 v1.4n Standard LaTeX document class
(/usr/share/texmf-dist/tex/latex/base/size12.clo
File: size12.clo 2025/01/22 v1.4n Standard LaTeX file (size option)
)
\c@part=\count275
\c@chapter=\count276
\c@section=\count277
\c@subsection=\count278
\c@subsubsection=\count279
\c@paragraph=\count280
\c@subparagraph=\count281
\c@figure=\count282
\c@table=\count283
\abovecaptionskip=\skip49
\belowcaptionskip=\skip50
\bibindent=\dimen148
)
(/usr/share/texmf-dist/tex/latex/pgf/frontendlayer/tikz.sty
(/usr/share/texmf-dist/tex/latex/pgf/basiclayer/pgf.sty
(/usr/share/texmf-dist/tex/latex/pgf/utilities/pgfrcs.sty
(/usr/share/texmf-dist/tex/generic/pgf/utilities/pgfutil-common.tex
\pgfutil@everybye=\toks17
\pgfutil@tempdima=\dimen149
\pgfutil@tempdimb=\dimen150
)
(/usr/share/texmf-dist/tex/generic/pgf/utilities/pgfutil-latex.def
\pgfutil@abb=\box53
)
(/usr/share/texmf-dist/tex/generic/pgf/utilities/pgfrcs.code.tex
(/usr/share/texmf-dist/tex/generic/pgf/pgf.revision.tex)
Package: pgfrcs 2025-08-29 v3.1.11a (3.1.11a)
))
Package: pgf 2025-08-29 v3.1.11a (3.1.11a)

(/usr/share/texmf-dist/tex/latex/pgf/basiclayer/pgfcore.sty
(/usr/share/texmf-dist/tex/latex/graphics/graphicx.sty
Package: graphicx 2024/12/31 v1.2e Enhanced LaTeX Graphics (DPC,SPQR)

(/usr/share/texmf-dist/tex/latex/graphics/keyval.sty
Package: keyval 2022/05/29 v1.15 key=value parser (DPC)
\KV@toks@=\toks18
)
(/usr/share/texmf-dist/tex/latex/graphics/graphics.sty
Package: graphics 2024/08/06 v1.4g Standard LaTeX Graphics (DPC,SPQR)

(/usr/share/texmf-dist/tex/latex/graphics/trig.sty
Package: trig 2023/12/02 v1.11 sin cos tan (DPC)
)
(/usr/share/texmf-dist/tex/latex/graphics-cfg/graphics.cfg
File: graphics.cfg 2016/06/04 v1.11 sample graphics configuration
)
Package graphics Info: Driver file: pdftex.def on input line 106.

(/usr/share/texmf-dist/tex/latex/graphics-def/pdftex.def
File: pdftex.def 2025/09/29 v1.2d Graphics/color driver for pdftex
))
\Gin@req@height=\dimen151
\Gin@req@width=\dimen152
)
(/usr/share/texmf-dist/tex/latex/pgf/systemlayer/pgfsys.sty
(/usr/share/texmf-dist/tex/generic/pgf/systemlayer/pgfsys.code.tex
Package: pgfsys 2025-08-29 v3.1.11a (3.1.11a)

(/usr/share/texmf-dist/tex/generic/pgf/utilities/pgfkeys.code.tex
\pgfkeys@pathtoks=\toks19
\pgfkeys@temptoks=\toks20

(/usr/share/texmf-dist/tex/generic/pgf/utilities/pgfkeyslibraryfiltered.code.te
x
\pgfkeys@tmptoks=\toks21
))
\pgf@x=\dimen153
\pgf@y=\dimen154
\pgf@xa=\dimen155
\pgf@ya=\dimen156
\pgf@xb=\dimen157
\pgf@yb=\dimen158
\pgf@xc=\dimen159
\pgf@yc=\dimen160
\pgf@xd=\dimen161
\pgf@yd=\dimen162
\w@pgf@writea=\write3
\r@pgf@reada=\read2
\c@pgf@counta=\count284
\c@pgf@countb=\count285
\c@pgf@countc=\count286
\c@pgf@countd=\count287
\t@pgf@toka=\toks22
\t@pgf@tokb=\toks23
\t@pgf@tokc=\toks24
\pgf@sys@id@count=\count288
 (/usr/share/texmf-dist/tex/generic/pgf/systemlayer/pgf.cfg
File: pgf.cfg 2025-08-29 v3.1.11a (3.1.11a)
)
Driver file for pgf: pgfsys-pdftex.def

(/usr/share/texmf-dist/tex/generic/pgf/systemlayer/pgfsys-pdftex.def
File: pgfsys-pdftex.def 2025-08-29 v3.1.11a (3.1.11a)

(/usr/share/texmf-dist/tex/generic/pgf/systemlayer/pgfsys-common-pdf.def
File: pgfsys-common-pdf.def 2025-08-29 v3.1.11a (3.1.11a)
)))
(/usr/share/texmf-dist/tex/generic/pgf/systemlayer/pgfsyssoftpath.code.tex
File: pgfsyssoftpath.code.tex 2025-08-29 v3.1.11a (3.1.11a)
\pgfsyssoftpath@smallbuffer@items=\count289
\pgfsyssoftpath@bigbuffer@items=\count290
)
(/usr/share/texmf-dist/tex/generic/pgf/systemlayer/pgfsysprotocol.code.tex
File: pgfsysprotocol.code.tex 2025-08-29 v3.1.11a (3.1.11a)
))
(/usr/share/texmf-dist/tex/latex/xcolor/xcolor.sty
Package: xcolor 2024/09/29 v3.02 LaTeX color extensions (UK)

(/usr/share/texmf-dist/tex/latex/graphics-cfg/color.cfg
File: color.cfg 2016/01/02 v1.6 sample color configuration
)
Package xcolor Info: Driver file: pdftex.def on input line 274.

(/usr/share/texmf-dist/tex/latex/graphics/mathcolor.ltx)
Package xcolor Info: Model `cmy' substituted by `cmy0' on input line 1349.
Package xcolor Info: Model `hsb' substituted by `rgb' on input line 1353.
Package xcolor Info: Model `RGB' extended on input line 1365.
Package xcolor Info: Model `HTML' substituted by `rgb' on input line 1367.
Package xcolor Info: Model `Hsb' substituted by `hsb' on input line 1368.
Package xcolor Info: Model `tHsb' substituted by `hsb' on input line 1369.
Package xcolor Info: Model `HSB' substituted by `hsb' on input line 1370.
Package xcolor Info: Model `Gray' substituted by `gray' on input line 1371.
Package xcolor Info: Model `wave' substituted by `hsb' on input line 1372.
)
(/usr/share/texmf-dist/tex/generic/pgf/basiclayer/pgfcore.code.tex
Package: pgfcore 2025-08-29 v3.1.11a (3.1.11a)

(/usr/share/texmf-dist/tex/generic/pgf/math/pgfmath.code.tex
(/usr/share/texmf-dist/tex/generic/pgf/math/pgfmathutil.code.tex)
(/usr/share/texmf-dist/tex/generic/pgf/math/pgfmathparser.code.tex
\pgfmath@dimen=\dimen163
\pgfmath@count=\count291
\pgfmath@box=\box54
\pgfmath@toks=\toks25
\pgfmath@stack@operand=\toks26
\pgfmath@stack@operation=\toks27
)
(/usr/share/texmf-dist/tex/generic/pgf/math/pgfmathfunctions.code.tex)
(/usr/share/texmf-dist/tex/generic/pgf/math/pgfmathfunctions.basic.code.tex)
(/usr/share/texmf-dist/tex/generic/pgf/math/pgfmathfunctions.trigonometric.code
.tex)
(/usr/share/texmf-dist/tex/generic/pgf/math/pgfmathfunctions.random.code.tex)
(/usr/share/texmf-dist/tex/generic/pgf/math/pgfmathfunctions.comparison.code.te
x) (/usr/share/texmf-dist/tex/generic/pgf/math/pgfmathfunctions.base.code.tex)
(/usr/share/texmf-dist/tex/generic/pgf/math/pgfmathfunctions.round.code.tex)
(/usr/share/texmf-dist/tex/generic/pgf/math/pgfmathfunctions.misc.code.tex)
(/usr/share/texmf-dist/tex/generic/pgf/math/pgfmathfunctions.integerarithmetics
.code.tex) (/usr/share/texmf-dist/tex/generic/pgf/math/pgfmathcalc.code.tex)
(/usr/share/texmf-dist/tex/generic/pgf/math/pgfmathfloat.code.tex
\c@pgfmathroundto@lastzeros=\count292
))
(/usr/share/texmf-dist/tex/generic/pgf/math/pgfint.code.tex)
(/usr/share/texmf-dist/tex/generic/pgf/basiclayer/pgfcorepoints.code.tex
File: pgfcorepoints.code.tex 2025-08-29 v3.1.11a (3.1.11a)
\pgf@picminx=\dimen164
\pgf@picmaxx=\dimen165
\pgf@picminy=\dimen166
\pgf@picmaxy=\dimen167
\pgf@pathminx=\dimen168
\pgf@pathmaxx=\dimen169
\pgf@pathminy=\dimen170
\pgf@pathmaxy=\dimen171
\pgf@xx=\dimen172
\pgf@xy=\dimen173
\pgf@yx=\dimen174
\pgf@yy=\dimen175
\pgf@zx=\dimen176
\pgf@zy=\dimen177
)
(/usr/share/texmf-dist/tex/generic/pgf/basiclayer/pgfcorepathconstruct.code.tex
File: pgfcorepathconstruct.code.tex 2025-08-29 v3.1.11a (3.1.11a)
\pgf@path@lastx=\dimen178
\pgf@path@lasty=\dimen179
) (/usr/share/texmf-dist/tex/generic/pgf/basiclayer/pgfcorepathusage.code.tex
File: pgfcorepathusage.code.tex 2025-08-29 v3.1.11a (3.1.11a)
\pgf@shorten@end@additional=\dimen180
\pgf@shorten@start@additional=\dimen181
)
(/usr/share/texmf-dist/tex/generic/pgf/basiclayer/pgfcorescopes.code.tex
File: pgfcorescopes.code.tex 2025-08-29 v3.1.11a (3.1.11a)
\pgfpic=\box55
\pgf@hbox=\box56
\pgf@layerbox@main=\box57
\pgf@picture@serial@count=\count293
)
(/usr/share/texmf-dist/tex/generic/pgf/basiclayer/pgfcoregraphicstate.code.tex
File: pgfcoregraphicstate.code.tex 2025-08-29 v3.1.11a (3.1.11a)
\pgflinewidth=\dimen182
)
(/usr/share/texmf-dist/tex/generic/pgf/basiclayer/pgfcoretransformations.code.t
ex
File: pgfcoretransformations.code.tex 2025-08-29 v3.1.11a (3.1.11a)
\pgf@pt@x=\dimen183
\pgf@pt@y=\dimen184
\pgf@pt@temp=\dimen185
) (/usr/share/texmf-dist/tex/generic/pgf/basiclayer/pgfcorequick.code.tex
File: pgfcorequick.code.tex 2025-08-29 v3.1.11a (3.1.11a)
)
(/usr/share/texmf-dist/tex/generic/pgf/basiclayer/pgfcoreobjects.code.tex
File: pgfcoreobjects.code.tex 2025-08-29 v3.1.11a (3.1.11a)
)
(/usr/share/texmf-dist/tex/generic/pgf/basiclayer/pgfcorepathprocessing.code.te
x
File: pgfcorepathprocessing.code.tex 2025-08-29 v3.1.11a (3.1.11a)
) (/usr/share/texmf-dist/tex/generic/pgf/basiclayer/pgfcorearrows.code.tex
File: pgfcorearrows.code.tex 2025-08-29 v3.1.11a (3.1.11a)
\pgfarrowsep=\dimen186
)
(/usr/share/texmf-dist/tex/generic/pgf/basiclayer/pgfcoreshade.code.tex
File: pgfcoreshade.code.tex 2025-08-29 v3.1.11a (3.1.11a)
\pgf@max=\dimen187
\pgf@sys@shading@range@num=\count294
\pgf@shadingcount=\count295
)
(/usr/share/texmf-dist/tex/generic/pgf/basiclayer/pgfcoreimage.code.tex
File: pgfcoreimage.code.tex 2025-08-29 v3.1.11a (3.1.11a)
)
(/usr/share/texmf-dist/tex/generic/pgf/basiclayer/pgfcoreexternal.code.tex
File: pgfcoreexternal.code.tex 2025-08-29 v3.1.11a (3.1.11a)
\pgfexternal@startupbox=\box58
)
(/usr/share/texmf-dist/tex/generic/pgf/basiclayer/pgfcorelayers.code.tex
File: pgfcorelayers.code.tex 2025-08-29 v3.1.11a (3.1.11a)
)
(/usr/share/texmf-dist/tex/generic/pgf/basiclayer/pgfcoretransparency.code.tex
File: pgfcoretransparency.code.tex 2025-08-29 v3.1.11a (3.1.11a)
) (/usr/share/texmf-dist/tex/generic/pgf/basiclayer/pgfcorepatterns.code.tex
File: pgfcorepatterns.code.tex 2025-08-29 v3.1.11a (3.1.11a)
)
(/usr/share/texmf-dist/tex/generic/pgf/basiclayer/pgfcorerdf.code.tex
File: pgfcorerdf.code.tex 2025-08-29 v3.1.11a (3.1.11a)
)))
(/usr/share/texmf-dist/tex/generic/pgf/modules/pgfmoduleshapes.code.tex
File: pgfmoduleshapes.code.tex 2025-08-29 v3.1.11a (3.1.11a)
\pgfnodeparttextbox=\box59
)
(/usr/share/texmf-dist/tex/generic/pgf/modules/pgfmoduleplot.code.tex
File: pgfmoduleplot.code.tex 2025-08-29 v3.1.11a (3.1.11a)
)
(/usr/share/texmf-dist/tex/latex/pgf/compatibility/pgfcomp-version-0-65.sty
Package: pgfcomp-version-0-65 2025-08-29 v3.1.11a (3.1.11a)
\pgf@nodesepstart=\dimen188
\pgf@nodesepend=\dimen189
)
(/usr/share/texmf-dist/tex/latex/pgf/compatibility/pgfcomp-version-1-18.sty
Package: pgfcomp-version-1-18 2025-08-29 v3.1.11a (3.1.11a)
))
(/usr/share/texmf-dist/tex/latex/pgf/utilities/pgffor.sty
(/usr/share/texmf-dist/tex/latex/pgf/utilities/pgfkeys.sty
(/usr/share/texmf-dist/tex/generic/pgf/utilities/pgfkeys.code.tex))
(/usr/share/texmf-dist/tex/latex/pgf/math/pgfmath.sty
(/usr/share/texmf-dist/tex/generic/pgf/math/pgfmath.code.tex))
(/usr/share/texmf-dist/tex/generic/pgf/utilities/pgffor.code.tex
Package: pgffor 2025-08-29 v3.1.11a (3.1.11a)
\pgffor@iter=\dimen190
\pgffor@skip=\dimen191
\pgffor@stack=\toks28
\pgffor@toks=\toks29
))
(/usr/share/texmf-dist/tex/generic/pgf/frontendlayer/tikz/tikz.code.tex
Package: tikz 2025-08-29 v3.1.11a (3.1.11a)

(/usr/share/texmf-dist/tex/generic/pgf/libraries/pgflibraryplothandlers.code.te
x
File: pgflibraryplothandlers.code.tex 2025-08-29 v3.1.11a (3.1.11a)
\pgf@plot@mark@count=\count296
\pgfplotmarksize=\dimen192
)
\tikz@lastx=\dimen193
\tikz@lasty=\dimen194
\tikz@lastxsaved=\dimen195
\tikz@lastysaved=\dimen196
\tikz@lastmovetox=\dimen197
\tikz@lastmovetoy=\dimen198
\tikzleveldistance=\dimen199
\tikzsiblingdistance=\dimen256
\tikz@figbox=\box60
\tikz@figbox@bg=\box61
\tikz@tempbox=\box62
\tikz@tempbox@bg=\box63
\tikztreelevel=\count297
\tikznumberofchildren=\count298
\tikznumberofcurrentchild=\count299
\tikz@fig@count=\count300
 (/usr/share/texmf-dist/tex/generic/pgf/modules/pgfmodulematrix.code.tex
File: pgfmodulematrix.code.tex 2025-08-29 v3.1.11a (3.1.11a)
\pgfmatrixcurrentrow=\count301
\pgfmatrixcurrentcolumn=\count302
\pgf@matrix@numberofcolumns=\count303
)
\tikz@expandcount=\count304

(/usr/share/texmf-dist/tex/generic/pgf/frontendlayer/tikz/libraries/tikzlibrary
topaths.code.tex
File: tikzlibrarytopaths.code.tex 2025-08-29 v3.1.11a (3.1.11a)
)))
(/usr/share/texmf-dist/tex/generic/pgf/libraries/pgflibraryarrows.meta.code.tex
File: pgflibraryarrows.meta.code.tex 2025-08-29 v3.1.11a (3.1.11a)
\pgfarrowinset=\dimen257
\pgfarrowlength=\dimen258
\pgfarrowwidth=\dimen259
\pgfarrowlinewidth=\dimen260
)
(/usr/share/texmf-dist/tex/generic/pgf/frontendlayer/tikz/libraries/tikzlibrary
shapes.geometric.code.tex
File: tikzlibraryshapes.geometric.code.tex 2025-08-29 v3.1.11a (3.1.11a)

(/usr/share/texmf-dist/tex/generic/pgf/libraries/shapes/pgflibraryshapes.geomet
ric.code.tex
File: pgflibraryshapes.geometric.code.tex 2025-08-29 v3.1.11a (3.1.11a)
))
(/usr/share/texmf-dist/tex/generic/pgf/frontendlayer/tikz/libraries/tikzlibrary
calc.code.tex
File: tikzlibrarycalc.code.tex 2025-08-29 v3.1.11a (3.1.11a)
)
(/usr/share/texmf-dist/tex/generic/pgf/frontendlayer/tikz/libraries/tikzlibrary
positioning.code.tex
File: tikzlibrarypositioning.code.tex 2025-08-29 v3.1.11a (3.1.11a)
)
(/usr/share/texmf-dist/tex/generic/pgf/frontendlayer/tikz/libraries/tikzlibrary
fit.code.tex
File: tikzlibraryfit.code.tex 2025-08-29 v3.1.11a (3.1.11a)
) (/usr/share/texmf-dist/tex/latex/base/inputenc.sty
Package: inputenc 2024/02/08 v1.3d Input encoding file
\inpenc@prehook=\toks30
\inpenc@posthook=\toks31
)
(/usr/share/texmf-dist/tex/generic/babel/babel.sty
Package: babel 2026/02/14 v26.3 The multilingual framework for LuaLaTeX, pdfLaT
eX and XeLaTeX
\babel@savecnt=\count305
LaTeX Encoding Info:    Redeclaring text command \ij (encoding OT1) on input li
ne 2078.
LaTeX Encoding Info:    Redeclaring text command \IJ (encoding OT1) on input li
ne 2080.
LaTeX Encoding Info:    Redeclaring text command \ij (encoding T1) on input lin
e 2082.
LaTeX Encoding Info:    Redeclaring text command \IJ (encoding T1) on input lin
e 2083.
LaTeX Encoding Info:    Ignoring declaration for text command \ij (encoding ?) 
on input line 2084.
LaTeX Encoding Info:    Ignoring declaration for text command \IJ (encoding ?) 
on input line 2086.
LaTeX Encoding Info:    Ignoring declaration for text command \SS (encoding ?) 
on input line 2111.
\U@D=\dimen261
\l@unhyphenated=\language6

(/usr/share/texmf-dist/tex/generic/babel/txtbabel.def)
\bbl@readstream=\read3
\bbl@dirlevel=\count306

(/usr/share/texmf-dist/tex/generic/babel/locale/es/babel-spanish.tex)
Package babel Info: Importing font and identification data for spanish
(babel)             from babel-es.ini. Reported on input line 4330.

(/usr/share/texmf-dist/tex/generic/babel-spanish/spanish.ldf
Language: spanish.ldf 2021/05/27 v5.0q Spanish support from the babel system
\es@quottoks=\toks32
\es@quotdepth=\count307
Package babel Info: Making " an active character on input line 570.
Package babel Info: Making . an active character on input line 675.
Package babel Info: Making < an active character on input line 722.
Package babel Info: Making > an active character on input line 722.
))
LaTeX Encoding Info:    Redeclaring text command \guillemotleft (encoding OT1) 
on input line 11.
LaTeX Encoding Info:    Redeclaring text command \guillemotright (encoding OT1)
 on input line 11.

(/usr/share/texmf-dist/tex/latex/amsmath/amsmath.sty
Package: amsmath 2025/07/09 v2.17z AMS math features
\@mathmargin=\skip51

For additional information on amsmath, use the `?' option.
(/usr/share/texmf-dist/tex/latex/amsmath/amstext.sty
Package: amstext 2024/11/17 v2.01 AMS text

(/usr/share/texmf-dist/tex/latex/amsmath/amsgen.sty
File: amsgen.sty 1999/11/30 v2.0 generic functions
\@emptytoks=\toks33
\ex@=\dimen262
))
(/usr/share/texmf-dist/tex/latex/amsmath/amsbsy.sty
Package: amsbsy 1999/11/29 v1.2d Bold Symbols
\pmbraise@=\dimen263
)
(/usr/share/texmf-dist/tex/latex/amsmath/amsopn.sty
Package: amsopn 2022/04/08 v2.04 operator names
)
\inf@bad=\count308
LaTeX Info: Redefining \frac on input line 233.
\uproot@=\count309
\leftroot@=\count310
LaTeX Info: Redefining \overline on input line 398.
LaTeX Info: Redefining \colon on input line 409.
\classnum@=\count311
\DOTSCASE@=\count312
LaTeX Info: Redefining \ldots on input line 495.
LaTeX Info: Redefining \dots on input line 498.
LaTeX Info: Redefining \cdots on input line 619.
\Mathstrutbox@=\box64
\strutbox@=\box65
LaTeX Info: Redefining \big on input line 721.
LaTeX Info: Redefining \Big on input line 722.
LaTeX Info: Redefining \bigg on input line 723.
LaTeX Info: Redefining \Bigg on input line 724.
\big@size=\dimen264
LaTeX Font Info:    Redeclaring font encoding OML on input line 742.
LaTeX Font Info:    Redeclaring font encoding OMS on input line 743.
\macc@depth=\count313
LaTeX Info: Redefining \bmod on input line 904.
LaTeX Info: Redefining \pmod on input line 909.
LaTeX Info: Redefining \smash on input line 939.
LaTeX Info: Redefining \relbar on input line 969.
LaTeX Info: Redefining \Relbar on input line 970.
\c@MaxMatrixCols=\count314
\dotsspace@=\muskip17
\c@parentequation=\count315
\dspbrk@lvl=\count316
\tag@help=\toks34
\row@=\count317
\column@=\count318
\maxfields@=\count319
\andhelp@=\toks35
\eqnshift@=\dimen265
\alignsep@=\dimen266
\tagshift@=\dimen267
\tagwidth@=\dimen268
\totwidth@=\dimen269
\lineht@=\dimen270
\@envbody=\toks36
\multlinegap=\skip52
\multlinetaggap=\skip53
\mathdisplay@stack=\toks37
LaTeX Info: Redefining \[ on input line 2950.
LaTeX Info: Redefining \] on input line 2951.
)
(/usr/share/texmf-dist/tex/latex/amsfonts/amsfonts.sty
Package: amsfonts 2013/01/14 v3.01 Basic AMSFonts support
\symAMSa=\mathgroup4
\symAMSb=\mathgroup5
LaTeX Font Info:    Redeclaring math symbol \hbar on input line 98.
LaTeX Font Info:    Overwriting math alphabet `\mathfrak' in version `bold'
(Font)                  U/euf/m/n --> U/euf/b/n on input line 106.
)
(/usr/share/texmf-dist/tex/latex/amsfonts/amssymb.sty
Package: amssymb 2013/01/14 v3.01 AMS font symbols
)
(/usr/share/texmf-dist/tex/latex/float/float.sty
Package: float 2001/11/08 v1.3d Float enhancements (AL)
\c@float@type=\count320
\float@exts=\toks38
\float@box=\box66
\@float@everytoks=\toks39
\@floatcapt=\box67
)
(/usr/share/texmf-dist/tex/latex/base/makeidx.sty
Package: makeidx 2021/10/04 v1.0m Standard LaTeX package
)
(/usr/share/texmf-dist/tex/latex/multirow/multirow.sty
Package: multirow 2024/11/12 v2.9 Span multiple rows of a table
\multirow@colwidth=\skip54
\multirow@cntb=\count321
\multirow@dima=\skip55
\bigstrutjot=\dimen271
)
(/usr/share/texmf-dist/tex/latex/natbib/natbib.sty
Package: natbib 2010/09/13 8.31b (PWD, AO)
\bibhang=\skip56
\bibsep=\skip57
LaTeX Info: Redefining \cite on input line 694.
\c@NAT@ctr=\count322
)
(/usr/share/texmf-dist/tex/latex/base/latexsym.sty
Package: latexsym 1998/08/17 v2.2e Standard LaTeX package (lasy symbols)
\symlasy=\mathgroup6
LaTeX Font Info:    Overwriting symbol font `lasy' in version `bold'
(Font)                  U/lasy/m/n --> U/lasy/b/n on input line 52.
)
(/usr/share/texmf-dist/tex/latex/cancel/cancel.sty
Package: cancel 2013/04/12 v2.2 Cancel math terms
)
(/usr/share/texmf-dist/tex/latex/geometry/geometry.sty
Package: geometry 2020/01/02 v5.9 Page Geometry

(/usr/share/texmf-dist/tex/generic/iftex/ifvtex.sty
Package: ifvtex 2019/10/25 v1.7 ifvtex legacy package. Use iftex instead.

(/usr/share/texmf-dist/tex/generic/iftex/iftex.sty
Package: iftex 2024/12/12 v1.0g TeX engine tests
))
\Gm@cnth=\count323
\Gm@cntv=\count324
\c@Gm@tempcnt=\count325
\Gm@bindingoffset=\dimen272
\Gm@wd@mp=\dimen273
\Gm@odd@mp=\dimen274
\Gm@even@mp=\dimen275
\Gm@layoutwidth=\dimen276
\Gm@layoutheight=\dimen277
\Gm@layouthoffset=\dimen278
\Gm@layoutvoffset=\dimen279
\Gm@dimlist=\toks40
)
(/usr/share/texmf-dist/tex/latex/subfigure/subfigure.sty
Package: subfigure 2002/03/15 v2.1.5 subfigure package
\subfigtopskip=\skip58
\subfigcapskip=\skip59
\subfigcaptopadj=\dimen280
\subfigbottomskip=\skip60
\subfigcapmargin=\dimen281
\subfiglabelskip=\skip61
\c@subfigure=\count326
\c@lofdepth=\count327
\c@subtable=\count328
\c@lotdepth=\count329

****************************************
* Local config file subfigure.cfg used *
****************************************
(/usr/share/texmf-dist/tex/latex/subfigure/subfigure.cfg)
\subfig@top=\skip62
\subfig@bottom=\skip63
)
(/usr/share/texmf-dist/tex/latex/url/url.sty
\Urlmuskip=\muskip18
Package: url 2013/09/16  ver 3.4  Verb mode for urls, etc.
)
(/usr/share/texmf-dist/tex/latex/hyperref/hyperref.sty
Package: hyperref 2026-01-29 v7.01p Hypertext links for LaTeX

(/usr/share/texmf-dist/tex/latex/kvsetkeys/kvsetkeys.sty
Package: kvsetkeys 2022-10-05 v1.19 Key value parser (HO)
)
(/usr/share/texmf-dist/tex/generic/kvdefinekeys/kvdefinekeys.sty
Package: kvdefinekeys 2019-12-19 v1.6 Define keys (HO)
)
(/usr/share/texmf-dist/tex/generic/pdfescape/pdfescape.sty
Package: pdfescape 2019/12/09 v1.15 Implements pdfTeX's escape features (HO)

(/usr/share/texmf-dist/tex/generic/ltxcmds/ltxcmds.sty
Package: ltxcmds 2023-12-04 v1.26 LaTeX kernel commands for general use (HO)
)
(/usr/share/texmf-dist/tex/generic/pdftexcmds/pdftexcmds.sty
Package: pdftexcmds 2020-06-27 v0.33 Utility functions of pdfTeX for LuaTeX (HO
)

(/usr/share/texmf-dist/tex/generic/infwarerr/infwarerr.sty
Package: infwarerr 2019/12/03 v1.5 Providing info/warning/error messages (HO)
)
Package pdftexcmds Info: \pdf@primitive is available.
Package pdftexcmds Info: \pdf@ifprimitive is available.
Package pdftexcmds Info: \pdfdraftmode found.
))
(/usr/share/texmf-dist/tex/latex/hycolor/hycolor.sty
Package: hycolor 2020-01-27 v1.10 Color options for hyperref/bookmark (HO)
)
(/usr/share/texmf-dist/tex/latex/hyperref/nameref.sty
Package: nameref 2026-01-29 v2.58 Cross-referencing by name of section

(/usr/share/texmf-dist/tex/latex/refcount/refcount.sty
Package: refcount 2019/12/15 v3.6 Data extraction from label references (HO)
)
(/usr/share/texmf-dist/tex/generic/gettitlestring/gettitlestring.sty
Package: gettitlestring 2019/12/15 v1.6 Cleanup title references (HO)

(/usr/share/texmf-dist/tex/latex/kvoptions/kvoptions.sty
Package: kvoptions 2022-06-15 v3.15 Key value format for package options (HO)
))
\c@section@level=\count330
)
(/usr/share/texmf-dist/tex/latex/etoolbox/etoolbox.sty
Package: etoolbox 2025/10/02 v2.5m e-TeX tools for LaTeX (JAW)
\etb@tempcnta=\count331
)
(/usr/share/texmf-dist/tex/generic/stringenc/stringenc.sty
Package: stringenc 2019/11/29 v1.12 Convert strings between diff. encodings (HO
)
)
\@linkdim=\dimen282
\Hy@linkcounter=\count332
\Hy@pagecounter=\count333

(/usr/share/texmf-dist/tex/latex/hyperref/pd1enc.def
File: pd1enc.def 2026-01-29 v7.01p Hyperref: PDFDocEncoding definition (HO)
Now handling font encoding PD1 ...
... no UTF-8 mapping file for font encoding PD1
)
(/usr/share/texmf-dist/tex/generic/intcalc/intcalc.sty
Package: intcalc 2019/12/15 v1.3 Expandable calculations with integers (HO)
)
\Hy@SavedSpaceFactor=\count334

(/usr/share/texmf-dist/tex/latex/hyperref/puenc.def
File: puenc.def 2026-01-29 v7.01p Hyperref: PDF Unicode definition (HO)
Now handling font encoding PU ...
... no UTF-8 mapping file for font encoding PU
)
Package hyperref Info: Option `breaklinks' set `true' on input line 4072.
Package hyperref Info: Option `colorlinks' set `true' on input line 4072.
Package hyperref Info: Hyper figures OFF on input line 4201.
Package hyperref Info: Link nesting OFF on input line 4206.
Package hyperref Info: Hyper index ON on input line 4209.
Package hyperref Info: Plain pages OFF on input line 4216.
Package hyperref Info: Backreferencing OFF on input line 4221.
Package hyperref Info: Implicit mode ON; LaTeX internals redefined.
Package hyperref Info: Bookmarks ON on input line 4468.
\c@Hy@tempcnt=\count335
LaTeX Info: Redefining \url on input line 4807.
\XeTeXLinkMargin=\dimen283

(/usr/share/texmf-dist/tex/generic/bitset/bitset.sty
Package: bitset 2019/12/09 v1.3 Handle bit-vector datatype (HO)

(/usr/share/texmf-dist/tex/generic/bigintcalc/bigintcalc.sty
Package: bigintcalc 2019/12/15 v1.5 Expandable calculations on big integers (HO
)
))
\Fld@menulength=\count336
\Field@Width=\dimen284
\Fld@charsize=\dimen285
Package hyperref Info: Hyper figures OFF on input line 6084.
Package hyperref Info: Link nesting OFF on input line 6089.
Package hyperref Info: Hyper index ON on input line 6092.
Package hyperref Info: backreferencing OFF on input line 6099.
Package hyperref Info: Link coloring ON on input line 6102.
Package hyperref Info: Link coloring with OCG OFF on input line 6109.
Package hyperref Info: PDF/A mode OFF on input line 6114.
\Hy@abspage=\count337
\c@Item=\count338
\c@Hfootnote=\count339
)
Package hyperref Info: Driver (autodetected): hpdftex.

(/usr/share/texmf-dist/tex/latex/hyperref/hpdftex.def
File: hpdftex.def 2026-01-29 v7.01p Hyperref driver for pdfTeX
\Fld@listcount=\count340
\c@bookmark@seq@number=\count341

(/usr/share/texmf-dist/tex/latex/rerunfilecheck/rerunfilecheck.sty
Package: rerunfilecheck 2025-06-21 v1.11 Rerun checks for auxiliary files (HO)

(/usr/share/texmf-dist/tex/generic/uniquecounter/uniquecounter.sty
Package: uniquecounter 2019/12/15 v1.4 Provide unlimited unique counter (HO)
)
Package uniquecounter Info: New unique counter `rerunfilecheck' on input line 2
84.
)
\Hy@SectionHShift=\skip64
)
(/usr/share/texmf-dist/tex/latex/makecell/makecell.sty
Package: makecell 2009/08/03 V0.1e Managing of Tab Column Heads and Cells

(/usr/share/texmf-dist/tex/latex/tools/array.sty
Package: array 2025/09/25 v2.6n Tabular extension package (FMi)
\col@sep=\dimen286
\ar@mcellbox=\box68
\extrarowheight=\dimen287
\NC@list=\toks41
\extratabsurround=\skip65
\backup@length=\skip66
\ar@cellbox=\box69
)
\rotheadsize=\dimen288
\c@nlinenum=\count342
\TeXr@lab=\toks42
)
(/usr/share/texmf-dist/tex/latex/enumitem/enumitem.sty
Package: enumitem 2025/02/06 v3.11 Customized lists
\labelindent=\skip67
\enit@outerparindent=\dimen289
\enit@toks=\toks43
\enit@inbox=\box70
\enit@count@id=\count343
\enitdp@description=\count344
)
(/usr/share/texmf-dist/tex/latex/colortbl/colortbl.sty
Package: colortbl 2024/10/29 v1.0k Color table columns (DPC)
\everycr=\toks44
\minrowclearance=\skip68
\rownum=\count345
)
(/usr/share/texmf-dist/tex/latex/tools/longtable.sty
Package: longtable 2025-10-13 v4.24 Multi-page Table package (DPC)
\LTleft=\skip69
\LTright=\skip70
\LTpre=\skip71
\LTpost=\skip72
\LTchunksize=\count346
\LTcapwidth=\dimen290
\LT@head=\box71
\LT@firsthead=\box72
\LT@foot=\box73
\LT@lastfoot=\box74
\LT@gbox=\box75
\LT@cols=\count347
\LT@rows=\count348
\c@LT@tables=\count349
\c@LT@chunks=\count350
\LT@p@ftn=\toks45
)
(/usr/share/texmf-dist/tex/latex/booktabs/booktabs.sty
Package: booktabs 2020/01/12 v1.61803398 Publication quality tables
\heavyrulewidth=\dimen291
\lightrulewidth=\dimen292
\cmidrulewidth=\dimen293
\belowrulesep=\dimen294
\belowbottomsep=\dimen295
\aboverulesep=\dimen296
\abovetopsep=\dimen297
\cmidrulesep=\dimen298
\cmidrulekern=\dimen299
\defaultaddspace=\dimen300
\@cmidla=\count351
\@cmidlb=\count352
\@aboverulesep=\dimen301
\@belowrulesep=\dimen302
\@thisruleclass=\count353
\@lastruleclass=\count354
\@thisrulewidth=\dimen303
)
(/usr/share/texmf-dist/tex/latex/appendix/appendix.sty
Package: appendix 2020/02/08 v1.2c extra appendix facilities
\c@@pps=\count355
\c@@ppsavesec=\count356
\c@@ppsaveapp=\count357
)
(/usr/share/texmf-dist/tex/latex/graphics/rotating.sty
Package: rotating 2025/01/14 v2.16e rotated objects in LaTeX

(/usr/share/texmf-dist/tex/latex/base/ifthen.sty
Package: ifthen 2024/03/16 v1.1e Standard LaTeX ifthen package (DPC)
)
\c@r@tfl@t=\count358
\rotFPtop=\skip73
\rotFPbot=\skip74
\rot@float@box=\box76
\rot@mess@toks=\toks46
) (./algorithm2e.sty
Package: algorithm2e 2017/07/18 v5.2 algorithms environments
\c@AlgoLine=\count359
\algocf@hangindent=\skip75

(/usr/share/texmf-dist/tex/latex/ifoddpage/ifoddpage.sty
Package: ifoddpage 2022/10/18 v1.2 Conditionals for odd/even page detection
\c@checkoddpage=\count360
)
(/usr/share/texmf-dist/tex/latex/tools/xspace.sty
Package: xspace 2014/10/28 v1.13 Space after command names (DPC,MH)
)
(/usr/share/texmf-dist/tex/latex/relsize/relsize.sty
Package: relsize 2013/03/29 ver 4.1
)
\skiptotal=\skip76
\skiplinenumber=\skip77
\skiprule=\skip78
\skiphlne=\skip79
\skiptext=\skip80
\skiplength=\skip81
\algomargin=\skip82
\skipalgocfslide=\skip83
\algowidth=\dimen304
\inoutsize=\dimen305
\inoutindent=\dimen306
\interspacetitleruled=\dimen307
\interspacealgoruled=\dimen308
\interspacetitleboxruled=\dimen309
\algocf@ruledwidth=\skip84
\algocf@inoutbox=\box77
\algocf@inputbox=\box78
\AlCapSkip=\skip85
\AlCapHSkip=\skip86
\algoskipindent=\skip87
\algocf@nlbox=\box79
\algocf@hangingbox=\box80
\algocf@untilbox=\box81
\algocf@skipuntil=\skip88
\algocf@capbox=\box82
\algocf@lcaptionbox=\skip89
\algoheightruledefault=\skip90
\algoheightrule=\skip91
\algotitleheightruledefault=\skip92
\algotitleheightrule=\skip93
\c@algocfline=\count361
\c@algocfproc=\count362
\c@algocf=\count363
\algocf@algoframe=\box83
\algocf@algobox=\box84
)
(/usr/share/texmf-dist/tex/latex/koma-script/typearea.sty
Package: typearea 2026/02/02 v3.49.2 KOMA-Script package (type area)

(/usr/share/texmf-dist/tex/latex/koma-script/scrkbase.sty
Package: scrkbase 2026/02/02 v3.49.2 KOMA-Script package (KOMA-Script-dependent
 basics and keyval usage)

(/usr/share/texmf-dist/tex/latex/koma-script/scrbase.sty
Package: scrbase 2026/02/02 v3.49.2 KOMA-Script package (KOMA-Script-independen
t basics and keyval usage)

(/usr/share/texmf-dist/tex/latex/koma-script/scrlfile.sty
Package: scrlfile 2026/02/02 v3.49.2 KOMA-Script package (file load hooks)

(/usr/share/texmf-dist/tex/latex/koma-script/scrlfile-hook.sty
Package: scrlfile-hook 2026/02/02 v3.49.2 KOMA-Script package (using LaTeX hook
s)

(/usr/share/texmf-dist/tex/latex/koma-script/scrlogo.sty
Package: scrlogo 2026/02/02 v3.49.2 KOMA-Script package (logo)
)))
Applying: [2021/05/01] Usage of raw or classic option list on input line 254.
Already applied: [0000/00/00] Usage of raw or classic option list on input line
 370.
))
\ta@bcor=\skip94
\ta@div=\count364
Package typearea Info: You've used standard option `letterpaper'.
(typearea)             This is correct!
(typearea)             Internally I'm using `paper=letter'.
(typearea)             If you'd like to set the option with \KOMAoptions,
(typearea)             you'd have to use `paper=letter' there
(typearea)             instead of `letterpaper', too.
\ta@hblk=\skip95
\ta@vblk=\skip96
\ta@temp=\skip97
\footheight=\skip98
Package typearea Info: With paper sizes other than (almost) `A4' predefined
(typearea)             DIV values do not exist. Using DIV calculation for good
(typearea)             line width (unless using `version=3.24` or prior).


Package typearea Info: DIV calculation for classic typearea. on input line 1810
.

Package typearea Info: These are the values describing the layout:
(typearea)             DIV  = 8
(typearea)             BCOR = 0.0pt
(typearea)             \paperwidth      = 614.295pt
(typearea)              \textwidth      = 383.9344pt
(typearea)              DIV departure   = 1%
(typearea)              \evensidemargin = 42.91031pt
(typearea)              \oddsidemargin  = 42.91031pt
(typearea)             \paperheight     = 794.96999pt
(typearea)              \textheight     = 505.0pt
(typearea)              \topmargin      = -12.77374pt
(typearea)              \headheight     = 18.125pt
(typearea)              \headsep        = 21.75pt
(typearea)              \topskip        = 12.0pt
(typearea)              \footskip       = 50.75pt
(typearea)              \baselineskip   = 14.5pt
(typearea)              on input line 1810.
) (/usr/share/texmf-dist/tex/latex/fancyhdr/fancyhdr.sty
Package: fancyhdr 2025/02/07 v5.2 Extensive control of page headers and footers

\f@nch@headwidth=\skip99
\f@nch@offset@elh=\skip100
\f@nch@offset@erh=\skip101
\f@nch@offset@olh=\skip102
\f@nch@offset@orh=\skip103
\f@nch@offset@elf=\skip104
\f@nch@offset@erf=\skip105
\f@nch@offset@olf=\skip106
\f@nch@offset@orf=\skip107
\f@nch@height=\skip108
\f@nch@footalignment=\skip109
\f@nch@widthL=\skip110
\f@nch@widthC=\skip111
\f@nch@widthR=\skip112
\@temptokenb=\toks47
)
(/usr/share/texmf-dist/tex/latex/pdflscape/pdflscape.sty
Package: pdflscape 2025-06-23 v0.14 Display of landscape pages in PDF

(/usr/share/texmf-dist/tex/latex/pdflscape/pdflscape-nometadata.sty
Package: pdflscape-nometadata 2025-06-23 v0.14 Display of landscape pages in PD
F (HO)

(/usr/share/texmf-dist/tex/latex/graphics/lscape.sty
Package: lscape 2020/05/28 v3.02 Landscape Pages (DPC)
)
Package pdflscape Info: Auto-detected driver: pdftex on input line 81.
))
(/usr/share/texmf-dist/tex/latex/datetime/datetime.sty
Package: datetime 2015/03/20 v2.60 Date Time Package

(/usr/share/texmf-dist/tex/latex/fmtcount/fmtcount.sty
Package: fmtcount 2025/12/02 v3.12 Displaying the values of LaTeX counters (NT,
VB,NE)

(/usr/share/texmf-dist/tex/latex/xkeyval/xkeyval.sty
Package: xkeyval 2025/11/04 v2.10 package option processing (HA)

(/usr/share/texmf-dist/tex/generic/xkeyval/xkeyval.tex
(/usr/share/texmf-dist/tex/generic/xkeyval/xkvutils.tex
\XKV@toks=\toks48
\XKV@tempa@toks=\toks49
\XKV@tempb@toks=\toks50
)
\XKV@depth=\count365
File: xkeyval.tex 2014/12/03 v2.7a key=value parser (HA)
))
(/usr/share/texmf-dist/tex/latex/fmtcount/fcprefix.sty
Package: fcprefix 2012/09/28

(/usr/share/texmf-dist/tex/latex/fmtcount/fcnumparser.sty
Package: fcnumparser 2017/06/15
\fc@digit@counter=\count366
))
\c@padzeroesN=\count367
\fc@tmpcatcode=\count368
\@DT@modctr=\count369
\@ordinalctr=\count370
\@orgargctr=\count371
\@strctr=\count372
\@tmpstrctr=\count373
\@DT@loopN=\count374
\@DT@X=\count375
)
(/usr/share/texmf-dist/tex/latex/datetime/datetime-defaults.sty
Package: datetime-defaults 2013/09/10
)
\@day=\count376
\@month=\count377
\@year=\count378
\c@HOUR=\count379
\c@HOURXII=\count380
\c@MINUTE=\count381
\c@TOHOUR=\count382
\c@TOMINUTE=\count383
\c@SECOND=\count384
\currenthour=\count385
\currentminute=\count386
\currentsecond=\count387
Package datetime Info: No datetime.cfg file found, using default settings on in
put line 308.
\@dtctr=\count388
\dayofyear=\count389
\dayofweek=\count390
LaTeX Info: Redefining \today on input line 736.

(/usr/share/texmf-dist/tex/latex/datetime/dt-spanish.def
File: dt-spanish.def 2013/09/10
LaTeX Info: Redefining \datespanish on input line 85.
)
\dt@a=\toks51
\dt@b=\toks52
)
\@indexfile=\write4
\openout4 = `tesis-if-cujae-apellido-nombre.idx'.


Writing index file tesis-if-cujae-apellido-nombre.idx
(/usr/share/texmf-dist/tex/latex/l3backend/l3backend-pdftex.def
File: l3backend-pdftex.def 2025-10-09 L3 backend support: PDF output (pdfTeX)
\l__color_backend_stack_int=\count391
)
(./tesis-if-cujae-apellido-nombre.aux (./portada.aux)
LaTeX Info: Redefining \. on input line 13.
LaTeX Info: Redefining \% on input line 13.
Package babel Info: 'spanish' activates 'spanish' shorthands.
(babel)             Reported on input line 13.
 (./dec_autoria.aux)
(./opinion_tutor.aux) (./dedicatoria.aux) (./agradecimientos.aux)
(./resumen.aux) (./abstrac.aux) (./introduccion.aux) (./cap1.aux) (./cap2.aux)
(./cap3.aux) (./conc.aux) (./rec.aux) (./anexo.aux))
\openout1 = `tesis-if-cujae-apellido-nombre.aux'.

LaTeX Font Info:    Checking defaults for OML/cmm/m/it on input line 122.
LaTeX Font Info:    ... okay on input line 122.
LaTeX Font Info:    Checking defaults for OMS/cmsy/m/n on input line 122.
LaTeX Font Info:    ... okay on input line 122.
LaTeX Font Info:    Checking defaults for OT1/cmr/m/n on input line 122.
LaTeX Font Info:    ... okay on input line 122.
LaTeX Font Info:    Checking defaults for T1/cmr/m/n on input line 122.
LaTeX Font Info:    ... okay on input line 122.
LaTeX Font Info:    Checking defaults for TS1/cmr/m/n on input line 122.
LaTeX Font Info:    ... okay on input line 122.
LaTeX Font Info:    Checking defaults for OMX/cmex/m/n on input line 122.
LaTeX Font Info:    ... okay on input line 122.
LaTeX Font Info:    Checking defaults for U/cmr/m/n on input line 122.
LaTeX Font Info:    ... okay on input line 122.
LaTeX Font Info:    Checking defaults for PD1/pdf/m/n on input line 122.
LaTeX Font Info:    ... okay on input line 122.
LaTeX Font Info:    Checking defaults for PU/pdf/m/n on input line 122.
LaTeX Font Info:    ... okay on input line 122.

(/usr/share/texmf-dist/tex/context/base/mkii/supp-pdf.mkii
[Loading MPS to PDF converter (version 2006.09.02).]
\scratchcounter=\count392
\scratchdimen=\dimen310
\scratchbox=\box85
\nofMPsegments=\count393
\nofMParguments=\count394
\everyMPshowfont=\toks53
\MPscratchCnt=\count395
\MPscratchDim=\dimen311
\MPnumerator=\count396
\makeMPintoPDFobject=\count397
\everyMPtoPDFconversion=\toks54
) (/usr/share/texmf-dist/tex/latex/epstopdf-pkg/epstopdf-base.sty
Package: epstopdf-base 2020-01-24 v2.11 Base part for package epstopdf
Package epstopdf-base Info: Redefining graphics rule for `.eps' on input line 4
85.

(/usr/share/texmf-dist/tex/latex/latexconfig/epstopdf-sys.cfg
File: epstopdf-sys.cfg 2010/07/13 v1.3 Configuration of (r)epstopdf for TeX Liv
e
))
LaTeX Info: Redefining \. on input line 122.
LaTeX Info: Redefining \% on input line 122.

*geometry* driver: auto-detecting
*geometry* detected driver: pdftex
*geometry* verbose mode - [ preamble ] result:
* driver: pdftex
* paper: letterpaper
* layout: <same size as paper>
* layoutoffset:(h,v)=(0.0pt,0.0pt)
* modes: 
* h-part:(L,W,R)=(85.35826pt, 443.57848pt, 85.35826pt)
* v-part:(T,H,B)=(56.9055pt, 681.15898pt, 56.9055pt)
* \paperwidth=614.295pt
* \paperheight=794.96999pt
* \textwidth=383.9344pt
* \textheight=505.0pt
* \oddsidemargin=42.91031pt
* \evensidemargin=42.91031pt
* \topmargin=-12.77374pt
* \headheight=18.125pt
* \headsep=21.75pt
* \topskip=12.0pt
* \footskip=50.75pt
* \marginparwidth=76.78687pt
* \marginparsep=12.8401pt
* \columnsep=10.0pt
* \skip\footins=10.8pt plus 4.0pt minus 2.0pt
* \hoffset=0.0pt
* \voffset=0.0pt
* \mag=1000
* \@twocolumnfalse
* \@twosidefalse
* \@mparswitchfalse
* \@reversemarginfalse
* (1in=72.27pt=25.4mm, 1cm=28.453pt)

Package hyperref Info: Link coloring ON on input line 122.
(./tesis-if-cujae-apellido-nombre.out) (./tesis-if-cujae-apellido-nombre.out)
\@outlinefile=\write5
\openout5 = `tesis-if-cujae-apellido-nombre.out'.

\openout2 = `portada.aux'.


(./portada.tex
<figuras/membrete-cujae-centrado.png, id=147, 202.356pt x 125.0271pt>
File: figuras/membrete-cujae-centrado.png Graphic file (type png)
<use figuras/membrete-cujae-centrado.png>
Package pdftex.def Info: figuras/membrete-cujae-centrado.png  used on input lin
e 3.
(pdftex.def)             Requested size: 191.9672pt x 118.61479pt.
 [1


{/var/lib/texmf/fonts/map/pdftex/updmap/pdftex.map} <./figuras/membrete-cujae-c
entrado.png>]) [2]
\openout2 = `dec_autoria.aux'.

 (./dec_autoria.tex
LaTeX Font Info:    Trying to load font information for U+msa on input line 13.


(/usr/share/texmf-dist/tex/latex/amsfonts/umsa.fd
File: umsa.fd 2013/01/14 v3.01 AMS symbols A
)
LaTeX Font Info:    Trying to load font information for U+msb on input line 13.


(/usr/share/texmf-dist/tex/latex/amsfonts/umsb.fd
File: umsb.fd 2013/01/14 v3.01 AMS symbols B
)
LaTeX Font Info:    Trying to load font information for U+lasy on input line 13
.

(/usr/share/texmf-dist/tex/latex/base/ulasy.fd
File: ulasy.fd 1998/08/17 v2.2e LaTeX symbol font definitions
)
Overfull \hbox (24.57289pt too wide) in paragraph at lines 13--23
 [][] 
 []

) [3



]
\openout2 = `opinion_tutor.aux'.

 (./opinion_tutor.tex
*geometry* verbose mode - [ newgeometry ] result:
* driver: pdftex
* paper: letterpaper
* layout: <same size as paper>
* layoutoffset:(h,v)=(0.0pt,0.0pt)
* modes: 
* h-part:(L,W,R)=(85.35826pt, 443.57848pt, 85.35826pt)
* v-part:(T,H,B)=(56.9055pt, 723.83812pt, 14.22636pt)
* \paperwidth=614.295pt
* \paperheight=794.96999pt
* \textwidth=443.57848pt
* \textheight=723.83812pt
* \oddsidemargin=13.08827pt
* \evensidemargin=13.08827pt
* \topmargin=-55.23949pt
* \headheight=18.125pt
* \headsep=21.75pt
* \topskip=12.0pt
* \footskip=50.75pt
* \marginparwidth=76.78687pt
* \marginparsep=12.8401pt
* \columnsep=10.0pt
* \skip\footins=10.8pt plus 4.0pt minus 2.0pt
* \hoffset=0.0pt
* \voffset=0.0pt
* \mag=1000
* \@twocolumnfalse
* \@twosidefalse
* \@mparswitchfalse
* \@reversemarginfalse
* (1in=72.27pt=25.4mm, 1cm=28.453pt)


Underfull \hbox (badness 10000) in paragraph at lines 9--13

 []

[4




])
\openout2 = `dedicatoria.aux'.

 (./dedicatoria.tex [5





])
\openout2 = `agradecimientos.aux'.

 (./agradecimientos.tex) [6




]
\openout2 = `resumen.aux'.

 (./resumen.tex)
[7



]
\openout2 = `abstrac.aux'.

 (./abstrac.tex) [8



] (./tesis-if-cujae-apellido-nombre.toc
LaTeX Info: Redefining \. on input line 1.
LaTeX Info: Redefining \% on input line 1.
 [9



])
\tf@toc=\write6
\openout6 = `tesis-if-cujae-apellido-nombre.toc'.

 [10]
(./tesis-if-cujae-apellido-nombre.lot
LaTeX Info: Redefining \. on input line 1.
LaTeX Info: Redefining \% on input line 1.
)
\tf@lot=\write7
\openout7 = `tesis-if-cujae-apellido-nombre.lot'.

 [11

]
(./tesis-if-cujae-apellido-nombre.lof
LaTeX Info: Redefining \. on input line 1.
LaTeX Info: Redefining \% on input line 1.
)
\tf@lof=\write8
\openout8 = `tesis-if-cujae-apellido-nombre.lof'.

 [12

]
\openout2 = `introduccion.aux'.

 (./introduccion.tex [1



] [2{/usr/share/texmf-dist/fonts/enc/dvips/cm-super/cm-super-ts1.enc}] [3] [4] 
[5]) [6]
\openout2 = `cap1.aux'.


(./cap1.tex
Cap\'{\i }tulo 1.
[7




]
LaTeX Info: Redefining \. on input line 17.
LaTeX Info: Redefining \% on input line 17.
Package babel Info: 'spanish' activates 'spanish' shorthands.
(babel)             Reported on input line 17.
 [8]
LaTeX Info: Redefining \. on input line 25.
LaTeX Info: Redefining \% on input line 25.
 [9]
LaTeX Info: Redefining \. on input line 36.
LaTeX Info: Redefining \% on input line 36.
 [10]
LaTeX Info: Redefining \. on input line 46.
LaTeX Info: Redefining \% on input line 46.
 [11]
LaTeX Info: Redefining \. on input line 56.
LaTeX Info: Redefining \% on input line 56.
 [12]
LaTeX Info: Redefining \. on input line 67.
LaTeX Info: Redefining \% on input line 67.
 [13]
LaTeX Info: Redefining \. on input line 76.
LaTeX Info: Redefining \% on input line 76.
 [14]
LaTeX Info: Redefining \. on input line 82.
LaTeX Info: Redefining \% on input line 82.
 [15]
LaTeX Info: Redefining \. on input line 93.
LaTeX Info: Redefining \% on input line 93.
 [16]
LaTeX Info: Redefining \. on input line 107.
LaTeX Info: Redefining \% on input line 107.
 [17]
Overfull \hbox (1.20538pt too wide) in paragraph at lines 107--108
[]\OT1/cmr/m/n/12 Las tec-no-log^^S^^Pas se-lec-cio-na-das pa-ra el sis-te-ma F
oT son: \OT1/cmr/bx/n/12 Ar-duino UNO
 []

)
LaTeX Info: Redefining \. on input line 177.
LaTeX Info: Redefining \% on input line 177.
 [18]
\openout2 = `cap2.aux'.

 (./cap2.tex
Cap\'{\i }tulo 2.
[19




]
Overfull \hbox (1.9387pt too wide) in paragraph at lines 49--52
[]\OT1/cmr/m/n/12 Cuando el
 []

LaTeX Info: Redefining \. on input line 52.
LaTeX Info: Redefining \% on input line 52.
[20]
Overfull \hbox (5.10402pt too wide) in paragraph at lines 59--63
[]\OT1/cmr/m/n/12 El sis-te-ma de-be per-mi-tir al Far-mer \OT1/cmr/bx/n/12 cre
ar\OT1/cmr/m/n/12 ,
 []


Overfull \hbox (13.08017pt too wide) in paragraph at lines 65--69
[]\OT1/cmr/m/n/12 El sis-te-ma de-
 []


Overfull \hbox (12.9288pt too wide) in paragraph at lines 71--74
[]\OT1/cmr/m/n/12 El sis-te-ma de-
 []


Overfull \hbox (62.33014pt too wide) in paragraph at lines 76--78
[]\OT1/cmr/m/n/12 Las ac-cio-nes de ac-ti-va-ci^^Son/desactivaci^^Son
 []


Overfull \hbox (2.10605pt too wide) in paragraph at lines 80--83
[]\OT1/cmr/m/n/12 La con-fi-gu-ra-ci^^Son de um-
 []

LaTeX Info: Redefining \. on input line 83.
LaTeX Info: Redefining \% on input line 83.
[21]
Overfull \hbox (8.45798pt too wide) in paragraph at lines 85--87
[]\OT1/cmr/m/n/12 El sis-te-ma de-
 []


Overfull \hbox (5.94405pt too wide) in paragraph at lines 89--92
[]\OT1/cmr/m/n/12 La es-ta-ci^^Son ba-
 []

LaTeX Info: Redefining \. on input line 121.
LaTeX Info: Redefining \% on input line 121.
[22]
Overfull \hbox (2.80061pt too wide) in paragraph at lines 123--128
[]\OT1/cmr/m/n/12 El sis-te-ma de-be ope-
 []

LaTeX Info: Redefining \. on input line 150.
LaTeX Info: Redefining \% on input line 150.
[23]
LaTeX Info: Redefining \. on input line 186.
LaTeX Info: Redefining \% on input line 186.
 [24]
Overfull \hbox (34.6933pt too wide) in paragraph at lines 191--193
[]\OT1/cmr/m/n/12 Los com-po-nen-tes electr^^Soni-
 []

LaTeX Info: Redefining \. on input line 217.
LaTeX Info: Redefining \% on input line 217.
[25]
Underfull \hbox (badness 1708) in paragraph at lines 283--284
[]|\OT1/cmr/m/n/10.95 Centralizada en la
 []


Underfull \hbox (badness 2837) in paragraph at lines 286--288
[]|\OT1/cmr/bx/n/10.95 Rechazada. \OT1/cmr/m/n/10.95 Vio-la RES-
 []


Underfull \hbox (badness 10000) in paragraph at lines 289--290
[]|\OT1/cmr/m/n/10.95 Peer-to-peer en-tre
 []


Underfull \hbox (badness 3439) in paragraph at lines 292--295
[]|\OT1/cmr/bx/n/10.95 Rechazada. \OT1/cmr/m/n/10.95 El Ar-duino
 []


Underfull \hbox (badness 10000) in paragraph at lines 300--302
[]|\OT1/cmr/bx/n/10.95 Seleccionada. \OT1/cmr/m/n/10.95 Sa-tis-fa-ce
 []


Overfull \hbox (34.9323pt too wide) in paragraph at lines 279--304
 [][] 
 []

LaTeX Info: Redefining \. on input line 318.
LaTeX Info: Redefining \% on input line 318.
[26]
LaTeX Info: Redefining \. on input line 318.
LaTeX Info: Redefining \% on input line 318.
 [27]
Overfull \hbox (25.37776pt too wide) in paragraph at lines 335--356
 [][] 
 []

LaTeX Info: Redefining \. on input line 380.
LaTeX Info: Redefining \% on input line 380.
[28]
LaTeX Info: Redefining \. on input line 380.
LaTeX Info: Redefining \% on input line 380.
 [29]
LaTeX Info: Redefining \. on input line 420.
LaTeX Info: Redefining \% on input line 420.
 [30]
Underfull \hbox (badness 10000) in paragraph at lines 428--428
[]|\OT1/cmr/bx/n/10.95 Mecanismo de
 []


Underfull \hbox (badness 10000) in paragraph at lines 429--430
[]|\OT1/cmr/bx/n/10.95 Mecanismo de im-ple-
 []


Underfull \hbox (badness 10000) in paragraph at lines 437--438
[]|\OT1/cmr/m/n/10.95 Pub/Sub as^^S^^Pncrono
 []


Underfull \hbox (badness 10000) in paragraph at lines 438--440
[]|\OT1/cmr/m/n/10.95 Eclipse Mos-quit-to; bi-
 []


Underfull \hbox (badness 10000) in paragraph at lines 438--440
\OT1/cmr/m/n/10.95 blio-te-ca \OT1/cmtt/m/n/10.95 PubSubClient
 []


Underfull \hbox (badness 10000) in paragraph at lines 438--440
\OT1/cmr/m/n/10.95 pa-ra Ar-duino; t^^Sopi-cos
 []


Underfull \hbox (badness 10000) in paragraph at lines 438--440
\OT1/cmtt/m/n/10.95 fot/<parcela>/<funci^^Son>
 []


Underfull \hbox (badness 10000) in paragraph at lines 442--443
[]|\OT1/cmr/m/n/10.95 Identificaci^^Son por
 []


Underfull \hbox (badness 6493) in paragraph at lines 442--443
\OT1/cmr/m/n/10.95 RFID con al-ma-ce-
 []


Underfull \hbox (badness 10000) in paragraph at lines 442--443
\OT1/cmr/m/n/10.95 na-mien-to lo-cal de
 []


Underfull \hbox (badness 3291) in paragraph at lines 443--445
[]|\OT1/cmr/m/n/10.95 M^^Sodu-lo RC522; bi-blio-te-ca
 []


Underfull \hbox (badness 1755) in paragraph at lines 443--445
\OT1/cmtt/m/n/10.95 MFRC522\OT1/cmr/m/n/10.95 ; UID al-ma-ce-na-do
 []


Underfull \hbox (badness 7888) in paragraph at lines 446--447
[]|\OT1/cmr/m/n/10.95 Recuperaci^^Son au-
 []


Underfull \hbox (badness 5832) in paragraph at lines 447--448
[]|\OT1/cmr/m/n/10.95 Snapshot de con-fi-
 []


Underfull \hbox (badness 2573) in paragraph at lines 447--448
\OT1/cmr/m/n/10.95 aut^^Sono-mo de ser-vi-
 []


Underfull \hbox (badness 10000) in paragraph at lines 448--451
[]|\OT1/cmr/m/n/10.95 Patr^^Son \OT1/cmr/bx/n/10.95 Me-men-to\OT1/cmr/m/n/10.95
 ; EE-
 []


Underfull \hbox (badness 6204) in paragraph at lines 448--451
\OT1/cmr/m/n/10.95 PROM del AT-me-ga328P;
 []


Underfull \hbox (badness 3646) in paragraph at lines 448--451
\OT1/cmr/m/it/10.95 watch-dog ti-mer \OT1/cmr/m/n/10.95 in-te-gra-do;
 []


Underfull \hbox (badness 2865) in paragraph at lines 448--451
\OT1/cmtt/m/n/10.95 systemd \OT1/cmr/m/n/10.95 (Li-nux) o Ta-rea
 []


Underfull \hbox (badness 10000) in paragraph at lines 448--451
\OT1/cmr/m/n/10.95 Pro-gra-ma-da (Win-dows)
 []


Underfull \hbox (badness 3942) in paragraph at lines 448--451
\OT1/cmr/m/n/10.95 pa-ra re-ini-cio de ser-vi-cios
 []


Underfull \hbox (badness 2452) in paragraph at lines 452--453
[]|\OT1/cmr/m/n/10.95 Extensibilidad sin
 []


Underfull \hbox (badness 10000) in paragraph at lines 452--453
\OT1/cmr/m/n/10.95 mo-di-fi-ca-ci^^Son del
 []


Underfull \hbox (badness 1460) in paragraph at lines 453--454
\OT1/cmr/m/n/10.95 si-ti-vos me-dian-te in-
 []


Underfull \hbox (badness 10000) in paragraph at lines 454--457
[]|\OT1/cmr/m/n/10.95 Patrones \OT1/cmr/bx/n/10.95 Adap-ter \OT1/cmr/m/n/10.95 
+
 []


Underfull \hbox (badness 10000) in paragraph at lines 454--457
\OT1/cmr/bx/n/10.95 Abs-tract Fac-tory\OT1/cmr/m/n/10.95 ; in-
 []


Underfull \hbox (badness 10000) in paragraph at lines 454--457
\OT1/cmr/m/n/10.95 ter-faz \OT1/cmtt/m/n/10.95 ISensor\OT1/cmr/m/n/10.95 ; cla-
se
 []


Underfull \hbox (badness 5667) in paragraph at lines 458--459
\OT1/cmr/m/n/10.95 de en-ti-da-des del
 []


Underfull \hbox (badness 10000) in paragraph at lines 460--463
[]|\OT1/cmr/m/n/10.95 Patr^^Son \OT1/cmr/bx/n/10.95 Com-po-si-te\OT1/cmr/m/n/10
.95 ;
 []


Underfull \hbox (badness 10000) in paragraph at lines 460--463
\OT1/cmr/m/n/10.95 cla-ses \OT1/cmtt/m/n/10.95 Finca\OT1/cmr/m/n/10.95 , \OT1/c
mtt/m/n/10.95 Parcela\OT1/cmr/m/n/10.95 ,
 []


Underfull \hbox (badness 5274) in paragraph at lines 460--463
\OT1/cmtt/m/n/10.95 Dispositivo \OT1/cmr/m/n/10.95 con in-ter-faz
 []


Underfull \hbox (badness 2096) in paragraph at lines 460--463
\OT1/cmtt/m/n/10.95 IComponente \OT1/cmr/m/n/10.95 (RF-06, RF-
 []


Underfull \hbox (badness 10000) in paragraph at lines 464--465
[]|\OT1/cmr/m/n/10.95 Notificaci^^Son de
 []


Underfull \hbox (badness 10000) in paragraph at lines 465--466
[]|\OT1/cmr/m/n/10.95 Desacoplamiento
 []


Underfull \hbox (badness 10000) in paragraph at lines 465--466
\OT1/cmr/m/n/10.95 productor-
 []


Underfull \hbox (badness 10000) in paragraph at lines 465--466
\OT1/cmr/m/n/10.95 consumidor de
 []


Underfull \hbox (badness 1226) in paragraph at lines 472--475
[]|\OT1/cmr/m/n/10.95 Patr^^Son \OT1/cmr/bx/n/10.95 Sta-te\OT1/cmr/m/n/10.95 ; 
es-ta-dos \OT1/cmr/m/it/10.95 Id-
 []


Underfull \hbox (badness 4859) in paragraph at lines 472--475
\OT1/cmr/m/it/10.95 le\OT1/cmr/m/n/10.95 , \OT1/cmr/m/it/10.95 Mo-ni-to-ring\OT
1/cmr/m/n/10.95 , \OT1/cmr/m/it/10.95 Irri-ga-ting\OT1/cmr/m/n/10.95 ,
 []


Underfull \hbox (badness 10000) in paragraph at lines 476--477
[]|\OT1/cmr/m/n/10.95 Autonom^^S^^Pa
 []


Underfull \hbox (badness 10000) in paragraph at lines 476--477
\OT1/cmr/m/n/10.95 energ^^Seti-ca del
 []


Underfull \hbox (badness 10000) in paragraph at lines 478--481
[]|\OT1/cmr/m/n/10.95 Modos \OT1/cmr/m/it/10.95 sleep \OT1/cmr/m/n/10.95 del AT
-me-
 []


Underfull \hbox (badness 10000) in paragraph at lines 478--481
\OT1/cmr/m/n/10.95 ga328P; \OT1/cmr/m/it/10.95 watch-dog ti-mer
 []


Overfull \hbox (10.14305pt too wide) in paragraph at lines 426--483
 [][] 
 []


LaTeX Warning: Float too large for page by 302.09125pt on input line 483.

LaTeX Info: Redefining \. on input line 523.
LaTeX Info: Redefining \% on input line 523.
[31]
LaTeX Info: Redefining \. on input line 523.
LaTeX Info: Redefining \% on input line 523.
 [32])
LaTeX Info: Redefining \. on input line 178.
LaTeX Info: Redefining \% on input line 178.
 [33]
\openout2 = `cap3.aux'.

 (./cap3.tex
Cap\'{\i }tulo 3.

Underfull \hbox (badness 10000) in paragraph at lines 2--3

 []

[34




])
LaTeX Info: Redefining \. on input line 179.
LaTeX Info: Redefining \% on input line 179.
 [35]
\openout2 = `conc.aux'.

 (./conc.tex) [36





]
\openout2 = `rec.aux'.

 (./rec.tex) [37





]
(./tesis-if-cujae-apellido-nombre.bbl [38




] [39]) [40]
\openout2 = `anexo.aux'.

 (./anexo.tex
Anexo A.
[41




]
Anexo B.
) [42

] (./tesis-if-cujae-apellido-nombre.aux (./portada.aux)
LaTeX Info: Redefining \. on input line 13.
LaTeX Info: Redefining \% on input line 13.
 (./dec_autoria.aux) (./opinion_tutor.aux) (./dedicatoria.aux) (./agradecimient
os.aux)
(./resumen.aux) (./abstrac.aux) (./introduccion.aux) (./cap1.aux) (./cap2.aux)
(./cap3.aux) (./conc.aux) (./rec.aux) (./anexo.aux))
 ***********
LaTeX2e <2025-11-01>
L3 programming layer <2026-01-19>
 ***********
Package rerunfilecheck Info: File `tesis-if-cujae-apellido-nombre.out' has not 
changed.
(rerunfilecheck)             Checksum: 8EE597A81E1B2908F8AC2ECE8145FF2B;7173.
 )
(\end occurred inside a group at level 1)

### simple group (level 1) entered at line 2 ({)
### bottom level 
Here is how much of TeX's memory you used:
 28764 strings out of 469453
 523950 string characters out of 5469038
 1011743 words of memory out of 5000000
 56672 multiletter control sequences out of 15000+600000
 639770 words of font info for 86 fonts, out of 8000000 for 9000
 40 hyphenation exceptions out of 8191
 108i,14n,107p,1108b,755s stack positions out of 10000i,1000n,20000p,200000b,200000s
</usr/share/texmf-dist/fonts/type1/public/amsfonts/cm/cmbx10.pf
b></usr/share/texmf-dist/fonts/type1/public/amsfonts/cm/cmbx12.pfb></usr/share/
texmf-dist/fonts/type1/public/amsfonts/cm/cmcsc10.pfb></usr/share/texmf-dist/fo
nts/type1/public/amsfonts/cm/cmmi12.pfb></usr/share/texmf-dist/fonts/type1/publ
ic/amsfonts/cm/cmr10.pfb></usr/share/texmf-dist/fonts/type1/public/amsfonts/cm/
cmr12.pfb></usr/share/texmf-dist/fonts/type1/public/amsfonts/cm/cmr8.pfb></usr/
share/texmf-dist/fonts/type1/public/amsfonts/cm/cmsy10.pfb></usr/share/texmf-di
st/fonts/type1/public/amsfonts/cm/cmsy8.pfb></usr/share/texmf-dist/fonts/type1/
public/amsfonts/cm/cmti10.pfb></usr/share/texmf-dist/fonts/type1/public/amsfont
s/cm/cmti12.pfb></usr/share/texmf-dist/fonts/type1/public/amsfonts/cm/cmtt10.pf
b></usr/share/texmf-dist/fonts/type1/public/amsfonts/cm/cmtt12.pfb></usr/share/
texmf-dist/fonts/type1/public/cm-super/sfbx1095.pfb></usr/share/texmf-dist/font
s/type1/public/cm-super/sfrm1200.pfb></usr/share/texmf-dist/fonts/type1/public/
cm-super/sfti1095.pfb>
Output written on tesis-if-cujae-apellido-nombre.pdf (54 pages, 325065 bytes).
PDF statistics:
 668 PDF objects out of 1000 (max. 8388607)
 572 compressed objects within 6 object streams
 140 named destinations out of 1000 (max. 500000)
 298 words of extra memory for PDF output out of 10000 (max. 10000000)

